2026-07-15 04:42:08,018  INFO     ============================================================
2026-07-15 04:42:08,018  INFO     EV Scraper — run date: 15-07-2026
2026-07-15 04:42:08,018  INFO     ============================================================
2026-07-15 04:42:08,018  INFO     ── TVS iQube ──────────────────────────
2026-07-15 04:42:08,018  INFO       [91wheels] TVS iQube page 1
2026-07-15 04:42:10,521  INFO       [91wheels] TVS iQube page 2
2026-07-15 04:42:13,459  INFO       [91wheels] TVS iQube page 3
2026-07-15 04:42:15,668  INFO       [91wheels] TVS iQube page 4
2026-07-15 04:42:17,668  INFO       [91wheels] TVS iQube page 5
2026-07-15 04:42:20,623  INFO       [91wheels] TVS iQube page 6
2026-07-15 04:42:22,754  INFO       [91wheels] TVS iQube page 7
2026-07-15 04:42:25,692  INFO       [91wheels] TVS iQube page 8
2026-07-15 04:42:27,893  INFO       [91wheels] TVS iQube page 9
2026-07-15 04:42:29,862  INFO       [91wheels] TVS iQube page 10
2026-07-15 04:42:32,796  INFO       [91wheels] TVS iQube page 11
2026-07-15 04:42:34,993  INFO       [91wheels] TVS iQube page 12
2026-07-15 04:42:37,898  INFO       [91wheels] TVS iQube page 13
2026-07-15 04:42:40,872  INFO       [91wheels] TVS iQube page 14
2026-07-15 04:42:43,788  INFO       [91wheels] TVS iQube page 15
2026-07-15 04:42:45,963  INFO       [91wheels] TVS iQube page 16
2026-07-15 04:42:48,885  INFO       [91wheels] TVS iQube page 17
2026-07-15 04:42:51,812  INFO       [91wheels] TVS iQube page 18
2026-07-15 04:42:54,731  INFO       [91wheels] TVS iQube page 19
2026-07-15 04:42:57,856  INFO       [91wheels] TVS iQube page 20
2026-07-15 04:43:00,747  INFO       [91wheels] TVS iQube page 21
2026-07-15 04:43:03,615  INFO       [91wheels] TVS iQube page 22
2026-07-15 04:43:06,514  INFO       [91wheels] TVS iQube page 23
2026-07-15 04:43:09,383  INFO       [91wheels] TVS iQube page 24
2026-07-15 04:43:12,302  INFO       [91wheels] TVS iQube page 25
2026-07-15 04:43:14,544  INFO       [91wheels] TVS iQube page 26
2026-07-15 04:43:17,504  INFO       [91wheels] TVS iQube page 27
2026-07-15 04:43:19,788  INFO       [91wheels] TVS iQube page 28
2026-07-15 04:43:22,765  INFO       [91wheels] TVS iQube page 29
2026-07-15 04:43:25,706  INFO       [91wheels] TVS iQube page 30
2026-07-15 04:43:28,650  INFO       [91wheels] TVS iQube page 31
2026-07-15 04:43:31,533  INFO       [91wheels] TVS iQube page 32
2026-07-15 04:43:34,464  INFO       [91wheels] TVS iQube page 33
2026-07-15 04:43:37,391  INFO       [91wheels] TVS iQube page 34
2026-07-15 04:43:40,305  INFO       [91wheels] TVS iQube page 35
2026-07-15 04:43:43,405  INFO       [91wheels] TVS iQube page 36
2026-07-15 04:43:46,323  INFO       [91wheels] TVS iQube page 37
2026-07-15 04:43:49,259  INFO       [91wheels] TVS iQube page 38
2026-07-15 04:43:52,233  INFO       [91wheels] TVS iQube page 39
2026-07-15 04:43:55,187  INFO       [91wheels] TVS iQube page 40
2026-07-15 04:43:58,113  INFO       collected 205 rows
2026-07-15 04:43:58,113  INFO       [bikewale] TVS iQube page 1
2026-07-15 04:44:00,490  INFO       [bikewale] TVS iQube page 2
2026-07-15 04:44:02,816  INFO       [bikewale] TVS iQube page 3
2026-07-15 04:44:05,363  INFO       [bikewale] TVS iQube page 4
2026-07-15 04:44:07,663  INFO       [bikewale] TVS iQube page 5
2026-07-15 04:44:10,005  INFO       [bikewale] TVS iQube page 6
2026-07-15 04:44:12,583  INFO       [bikewale] TVS iQube page 7
2026-07-15 04:44:14,894  INFO       [bikewale] TVS iQube page 8
2026-07-15 04:44:17,895  INFO       [bikewale] TVS iQube page 9
2026-07-15 04:44:20,779  INFO       [bikewale] TVS iQube page 10
2026-07-15 04:44:23,044  INFO       [bikewale] TVS iQube page 11
2026-07-15 04:44:25,341  INFO       [bikewale] TVS iQube page 12
2026-07-15 04:44:27,617  INFO       [bikewale] TVS iQube page 13
2026-07-15 04:44:29,976  INFO       [bikewale] TVS iQube page 14
2026-07-15 04:44:32,233  INFO       [bikewale] TVS iQube page 15
2026-07-15 04:44:34,459  INFO       [bikewale] TVS iQube page 16
2026-07-15 04:44:35,095  INFO       No cards on page 16 — end of results
2026-07-15 04:44:35,100  INFO       collected 528 rows
2026-07-15 04:44:35,100  INFO       [bikedekho] TVS iQube page 1
2026-07-15 04:44:37,614  INFO       [bikedekho] TVS iQube page 2
2026-07-15 04:44:41,134  INFO       [bikedekho] TVS iQube page 3
2026-07-15 04:44:43,663  INFO       [bikedekho] TVS iQube page 4
2026-07-15 04:44:46,197  INFO       [bikedekho] TVS iQube page 5
2026-07-15 04:44:48,738  INFO       [bikedekho] TVS iQube page 6
2026-07-15 04:44:51,529  INFO       [bikedekho] TVS iQube page 7
2026-07-15 04:44:54,070  INFO       [bikedekho] TVS iQube page 8
2026-07-15 04:44:56,618  INFO       [bikedekho] TVS iQube page 9
2026-07-15 04:45:00,379  INFO       [bikedekho] TVS iQube page 10
2026-07-15 04:45:02,921  INFO       [bikedekho] TVS iQube page 11
2026-07-15 04:45:05,765  INFO       [bikedekho] TVS iQube page 12
2026-07-15 04:45:08,326  INFO       [bikedekho] TVS iQube page 13
2026-07-15 04:45:10,871  INFO       [bikedekho] TVS iQube page 14
2026-07-15 04:45:13,409  INFO       [bikedekho] TVS iQube page 15
2026-07-15 04:45:15,946  INFO       [bikedekho] TVS iQube page 16
2026-07-15 04:45:18,471  INFO       [bikedekho] TVS iQube page 17
2026-07-15 04:45:22,215  INFO       [bikedekho] TVS iQube page 18
2026-07-15 04:45:25,277  INFO       collected 513 rows
2026-07-15 04:45:25,277  INFO     ── Ather Rizta ──────────────────────────
2026-07-15 04:45:25,277  INFO       [91wheels] Ather Rizta page 1
2026-07-15 04:45:28,170  INFO       [91wheels] Ather Rizta page 2
2026-07-15 04:45:31,060  INFO       [91wheels] Ather Rizta page 3
2026-07-15 04:45:33,091  INFO       [91wheels] Ather Rizta page 4
2026-07-15 04:45:36,104  INFO       [91wheels] Ather Rizta page 5
2026-07-15 04:45:39,015  INFO       [91wheels] Ather Rizta page 6
2026-07-15 04:45:41,933  INFO       [91wheels] Ather Rizta page 7
2026-07-15 04:45:44,883  INFO       [91wheels] Ather Rizta page 8
2026-07-15 04:45:47,845  INFO       [91wheels] Ather Rizta page 9
2026-07-15 04:45:50,141  INFO       [91wheels] Ather Rizta page 10
2026-07-15 04:45:53,103  INFO       [91wheels] Ather Rizta page 11
2026-07-15 04:45:55,996  INFO       [91wheels] Ather Rizta page 12
2026-07-15 04:45:58,899  INFO       [91wheels] Ather Rizta page 13
2026-07-15 04:46:01,827  INFO       [91wheels] Ather Rizta page 14
2026-07-15 04:46:04,023  INFO       [91wheels] Ather Rizta page 15
2026-07-15 04:46:06,308  INFO       [91wheels] Ather Rizta page 16
2026-07-15 04:46:08,274  INFO       [91wheels] Ather Rizta page 17
2026-07-15 04:46:11,231  INFO       [91wheels] Ather Rizta page 18
2026-07-15 04:46:14,170  INFO       [91wheels] Ather Rizta page 19
2026-07-15 04:46:16,373  INFO       [91wheels] Ather Rizta page 20
2026-07-15 04:46:19,371  INFO       [91wheels] Ather Rizta page 21
2026-07-15 04:46:21,322  INFO       [91wheels] Ather Rizta page 22
2026-07-15 04:46:24,276  INFO       [91wheels] Ather Rizta page 23
2026-07-15 04:46:27,151  INFO       [91wheels] Ather Rizta page 24
2026-07-15 04:46:30,108  INFO       [91wheels] Ather Rizta page 25
2026-07-15 04:46:32,338  INFO       [91wheels] Ather Rizta page 26
2026-07-15 04:46:35,287  INFO       [91wheels] Ather Rizta page 27
2026-07-15 04:46:37,305  INFO       [91wheels] Ather Rizta page 28
2026-07-15 04:46:38,063  INFO       No cards on page 28 — end of results
2026-07-15 04:46:38,065  INFO       collected 140 rows
2026-07-15 04:46:38,065  INFO       [bikewale] Ather Rizta page 1
2026-07-15 04:46:40,347  INFO       [bikewale] Ather Rizta page 2
2026-07-15 04:46:42,642  INFO       [bikewale] Ather Rizta page 3
2026-07-15 04:46:45,219  INFO       [bikewale] Ather Rizta page 4
2026-07-15 04:46:47,423  INFO       [bikewale] Ather Rizta page 5
2026-07-15 04:46:48,115  INFO       No cards on page 5 — end of results
2026-07-15 04:46:48,118  INFO       collected 124 rows
2026-07-15 04:46:48,118  INFO       [bikedekho] Ather Rizta page 1
2026-07-15 04:46:50,460  INFO       [bikedekho] Ather Rizta page 2
2026-07-15 04:46:53,990  INFO       [bikedekho] Ather Rizta page 3
2026-07-15 04:46:56,565  INFO       [bikedekho] Ather Rizta page 4
2026-07-15 04:47:00,337  INFO       [bikedekho] Ather Rizta page 5
2026-07-15 04:47:04,196  INFO       [bikedekho] Ather Rizta page 6
2026-07-15 04:47:07,083  INFO       [bikedekho] Ather Rizta page 7
2026-07-15 04:47:11,174  INFO       [bikedekho] Ather Rizta page 8
2026-07-15 04:47:14,102  INFO       [bikedekho] Ather Rizta page 9
2026-07-15 04:47:16,896  INFO       [bikedekho] Ather Rizta page 10
2026-07-15 04:47:19,689  INFO       [bikedekho] Ather Rizta page 11
2026-07-15 04:47:22,532  INFO       [bikedekho] Ather Rizta page 12
2026-07-15 04:47:25,331  INFO       [bikedekho] Ather Rizta page 13
2026-07-15 04:47:29,318  INFO       [bikedekho] Ather Rizta page 14
2026-07-15 04:47:32,171  INFO       [bikedekho] Ather Rizta page 15
2026-07-15 04:47:35,001  INFO       [bikedekho] Ather Rizta page 16
2026-07-15 04:47:37,782  INFO       [bikedekho] Ather Rizta page 17
2026-07-15 04:47:40,567  INFO       [bikedekho] Ather Rizta page 18
2026-07-15 04:47:43,353  INFO       collected 533 rows
2026-07-15 04:47:43,353  INFO     ── Ola S1X ──────────────────────────
2026-07-15 04:47:43,353  INFO       [91wheels] Ola S1X page 1
2026-07-15 04:47:46,253  INFO       [91wheels] Ola S1X page 2
2026-07-15 04:47:48,440  INFO       [91wheels] Ola S1X page 3
2026-07-15 04:47:51,273  INFO       [91wheels] Ola S1X page 4
2026-07-15 04:47:54,085  INFO       [91wheels] Ola S1X page 5
2026-07-15 04:47:56,236  INFO       [91wheels] Ola S1X page 6
2026-07-15 04:47:59,137  INFO       [91wheels] Ola S1X page 7
2026-07-15 04:48:02,097  INFO       [91wheels] Ola S1X page 8
2026-07-15 04:48:04,949  INFO       [91wheels] Ola S1X page 9
2026-07-15 04:48:07,095  INFO       [91wheels] Ola S1X page 10
2026-07-15 04:48:09,310  INFO       [91wheels] Ola S1X page 11
2026-07-15 04:48:12,155  INFO       [91wheels] Ola S1X page 12
2026-07-15 04:48:14,208  INFO       [91wheels] Ola S1X page 13
2026-07-15 04:48:15,349  INFO       No cards on page 13 — end of results
2026-07-15 04:48:15,352  INFO       collected 64 rows
2026-07-15 04:48:15,352  INFO       [bikewale] Ola S1X page 1
2026-07-15 04:48:17,738  INFO       [bikewale] Ola S1X page 2
2026-07-15 04:48:20,136  INFO       [bikewale] Ola S1X page 3
2026-07-15 04:48:22,358  INFO       [bikewale] Ola S1X page 4
2026-07-15 04:48:22,999  INFO       No cards on page 4 — end of results
2026-07-15 04:48:23,002  INFO       collected 88 rows
2026-07-15 04:48:23,002  INFO       [bikedekho] Ola S1X page 1
2026-07-15 04:48:25,571  INFO       [bikedekho] Ola S1X page 2
2026-07-15 04:48:29,052  INFO       [bikedekho] Ola S1X page 3
2026-07-15 04:48:31,547  INFO       [bikedekho] Ola S1X page 4
2026-07-15 04:48:34,059  INFO       [bikedekho] Ola S1X page 5
2026-07-15 04:48:36,865  INFO       [bikedekho] Ola S1X page 6
2026-07-15 04:48:39,714  INFO       [bikedekho] Ola S1X page 7
2026-07-15 04:48:42,521  INFO       [bikedekho] Ola S1X page 8
2026-07-15 04:48:46,245  INFO       [bikedekho] Ola S1X page 9
2026-07-15 04:48:49,021  INFO       [bikedekho] Ola S1X page 10
2026-07-15 04:48:52,695  INFO       [bikedekho] Ola S1X page 11
2026-07-15 04:48:56,369  INFO       [bikedekho] Ola S1X page 12
2026-07-15 04:48:59,134  INFO       [bikedekho] Ola S1X page 13
2026-07-15 04:49:01,868  INFO       [bikedekho] Ola S1X page 14
2026-07-15 04:49:04,630  INFO       [bikedekho] Ola S1X page 15
2026-07-15 04:49:07,341  INFO       [bikedekho] Ola S1X page 16
2026-07-15 04:49:10,157  INFO       [bikedekho] Ola S1X page 17
2026-07-15 04:49:12,887  INFO       [bikedekho] Ola S1X page 18
2026-07-15 04:49:15,637  INFO       collected 525 rows
2026-07-15 04:49:15,637  INFO     ── Bajaj Chetak ──────────────────────────
2026-07-15 04:49:15,637  INFO       [91wheels] Bajaj Chetak page 1
2026-07-15 04:49:18,561  INFO       [91wheels] Bajaj Chetak page 2
2026-07-15 04:49:21,520  INFO       [91wheels] Bajaj Chetak page 3
2026-07-15 04:49:24,460  INFO       [91wheels] Bajaj Chetak page 4
2026-07-15 04:49:27,363  INFO       [91wheels] Bajaj Chetak page 5
2026-07-15 04:49:29,518  INFO       [91wheels] Bajaj Chetak page 6
2026-07-15 04:49:32,475  INFO       [91wheels] Bajaj Chetak page 7
2026-07-15 04:49:35,357  INFO       [91wheels] Bajaj Chetak page 8
2026-07-15 04:49:38,297  INFO       [91wheels] Bajaj Chetak page 9
2026-07-15 04:49:41,483  INFO       [91wheels] Bajaj Chetak page 10
2026-07-15 04:49:44,444  INFO       [91wheels] Bajaj Chetak page 11
2026-07-15 04:49:47,361  INFO       [91wheels] Bajaj Chetak page 12
2026-07-15 04:49:50,300  INFO       [91wheels] Bajaj Chetak page 13
2026-07-15 04:49:53,173  INFO       [91wheels] Bajaj Chetak page 14
2026-07-15 04:49:56,065  INFO       [91wheels] Bajaj Chetak page 15
2026-07-15 04:49:58,979  INFO       [91wheels] Bajaj Chetak page 16
2026-07-15 04:50:01,877  INFO       [91wheels] Bajaj Chetak page 17
2026-07-15 04:50:04,300  INFO       [91wheels] Bajaj Chetak page 18
2026-07-15 04:50:07,175  INFO       [91wheels] Bajaj Chetak page 19
2026-07-15 04:50:09,161  INFO       [91wheels] Bajaj Chetak page 20
2026-07-15 04:50:11,405  INFO       [91wheels] Bajaj Chetak page 21
2026-07-15 04:50:13,350  INFO       [91wheels] Bajaj Chetak page 22
2026-07-15 04:50:16,244  INFO       [91wheels] Bajaj Chetak page 23
2026-07-15 04:50:18,197  INFO       [91wheels] Bajaj Chetak page 24
2026-07-15 04:50:20,133  INFO       [91wheels] Bajaj Chetak page 25
2026-07-15 04:50:22,998  INFO       [91wheels] Bajaj Chetak page 26
2026-07-15 04:50:25,897  INFO       [91wheels] Bajaj Chetak page 27
2026-07-15 04:50:27,829  INFO       [91wheels] Bajaj Chetak page 28
2026-07-15 04:50:29,979  INFO       [91wheels] Bajaj Chetak page 29
2026-07-15 04:50:32,217  INFO       [91wheels] Bajaj Chetak page 30
2026-07-15 04:50:34,177  INFO       [91wheels] Bajaj Chetak page 31
2026-07-15 04:50:37,111  INFO       [91wheels] Bajaj Chetak page 32
2026-07-15 04:50:40,038  INFO       [91wheels] Bajaj Chetak page 33
2026-07-15 04:50:43,054  INFO       [91wheels] Bajaj Chetak page 34
2026-07-15 04:50:45,246  INFO       [91wheels] Bajaj Chetak page 35
2026-07-15 04:50:48,191  INFO       [91wheels] Bajaj Chetak page 36
2026-07-15 04:50:49,619  INFO       No cards on page 36 — end of results
2026-07-15 04:50:49,622  INFO       collected 180 rows
2026-07-15 04:50:49,622  INFO       [bikewale] Bajaj Chetak page 1
2026-07-15 04:50:52,168  INFO       [bikewale] Bajaj Chetak page 2
2026-07-15 04:50:54,491  INFO       [bikewale] Bajaj Chetak page 3
2026-07-15 04:50:56,787  INFO       [bikewale] Bajaj Chetak page 4
2026-07-15 04:50:59,018  INFO       [bikewale] Bajaj Chetak page 5
2026-07-15 04:51:01,356  INFO       [bikewale] Bajaj Chetak page 6
2026-07-15 04:51:03,660  INFO       [bikewale] Bajaj Chetak page 7
2026-07-15 04:51:05,923  INFO       [bikewale] Bajaj Chetak page 8
2026-07-15 04:51:08,153  INFO       [bikewale] Bajaj Chetak page 9
2026-07-15 04:51:10,494  INFO       [bikewale] Bajaj Chetak page 10
2026-07-15 04:51:12,726  INFO       [bikewale] Bajaj Chetak page 11
2026-07-15 04:51:15,008  INFO       [bikewale] Bajaj Chetak page 12
2026-07-15 04:51:17,326  INFO       [bikewale] Bajaj Chetak page 13
2026-07-15 04:51:18,152  INFO       No cards on page 13 — end of results
2026-07-15 04:51:18,157  INFO       collected 416 rows
2026-07-15 04:51:18,157  INFO       [bikedekho] Bajaj Chetak page 1
2026-07-15 04:51:20,489  INFO       [bikedekho] Bajaj Chetak page 2
2026-07-15 04:51:23,980  INFO       [bikedekho] Bajaj Chetak page 3
2026-07-15 04:51:26,503  INFO       [bikedekho] Bajaj Chetak page 4
2026-07-15 04:51:29,984  INFO       [bikedekho] Bajaj Chetak page 5
2026-07-15 04:51:32,491  INFO       [bikedekho] Bajaj Chetak page 6
2026-07-15 04:51:35,271  INFO       [bikedekho] Bajaj Chetak page 7
2026-07-15 04:51:39,040  INFO       [bikedekho] Bajaj Chetak page 8
2026-07-15 04:51:41,826  INFO       [bikedekho] Bajaj Chetak page 9
2026-07-15 04:51:45,957  INFO       [bikedekho] Bajaj Chetak page 10
2026-07-15 04:51:48,967  INFO       [bikedekho] Bajaj Chetak page 11
2026-07-15 04:51:51,755  INFO       [bikedekho] Bajaj Chetak page 12
2026-07-15 04:51:54,489  INFO       [bikedekho] Bajaj Chetak page 13
2026-07-15 04:51:57,230  INFO       [bikedekho] Bajaj Chetak page 14
2026-07-15 04:51:59,993  INFO       [bikedekho] Bajaj Chetak page 15
2026-07-15 04:52:02,756  INFO       [bikedekho] Bajaj Chetak page 16
2026-07-15 04:52:05,571  INFO       [bikedekho] Bajaj Chetak page 17
2026-07-15 04:52:09,310  INFO       [bikedekho] Bajaj Chetak page 18
2026-07-15 04:52:12,060  INFO       collected 532 rows
2026-07-15 04:52:12,060  INFO     ── Hero Vida V2 ──────────────────────────
2026-07-15 04:52:12,060  INFO       [91wheels] Hero Vida V2 page 1
2026-07-15 04:52:15,160  INFO       [91wheels] Hero Vida V2 page 2
2026-07-15 04:52:17,945  INFO       [91wheels] Hero Vida V2 page 3
2026-07-15 04:52:20,806  INFO       [91wheels] Hero Vida V2 page 4
2026-07-15 04:52:23,603  INFO       [91wheels] Hero Vida V2 page 5
2026-07-15 04:52:25,793  INFO       [91wheels] Hero Vida V2 page 6
2026-07-15 04:52:27,724  INFO       [91wheels] Hero Vida V2 page 7
2026-07-15 04:52:30,564  INFO       [91wheels] Hero Vida V2 page 8
2026-07-15 04:52:31,301  INFO       No cards on page 8 — end of results
2026-07-15 04:52:31,303  INFO       collected 40 rows
2026-07-15 04:52:31,304  INFO       [bikewale] Hero Vida V2 page 1
2026-07-15 04:52:33,542  INFO       [bikewale] Hero Vida V2 page 2
2026-07-15 04:52:35,801  INFO       [bikewale] Hero Vida V2 page 3
2026-07-15 04:52:36,414  INFO       No cards on page 3 — end of results
2026-07-15 04:52:36,416  INFO       collected 56 rows
2026-07-15 04:52:36,416  INFO       [bikedekho] Hero Vida V2 page 1
2026-07-15 04:52:39,750  INFO       [bikedekho] Hero Vida V2 page 2
2026-07-15 04:52:42,317  INFO       [bikedekho] Hero Vida V2 page 3
2026-07-15 04:52:44,819  INFO       [bikedekho] Hero Vida V2 page 4
2026-07-15 04:52:48,609  INFO       [bikedekho] Hero Vida V2 page 5
2026-07-15 04:52:51,386  INFO       [bikedekho] Hero Vida V2 page 6
2026-07-15 04:52:54,322  INFO       [bikedekho] Hero Vida V2 page 7
2026-07-15 04:52:57,120  INFO       [bikedekho] Hero Vida V2 page 8
2026-07-15 04:52:59,859  INFO       [bikedekho] Hero Vida V2 page 9
2026-07-15 04:53:02,806  INFO       [bikedekho] Hero Vida V2 page 10
2026-07-15 04:53:06,550  INFO       [bikedekho] Hero Vida V2 page 11
2026-07-15 04:53:09,345  INFO       [bikedekho] Hero Vida V2 page 12
2026-07-15 04:53:12,134  INFO       [bikedekho] Hero Vida V2 page 13
2026-07-15 04:53:14,918  INFO       [bikedekho] Hero Vida V2 page 14
2026-07-15 04:53:17,683  INFO       [bikedekho] Hero Vida V2 page 15
2026-07-15 04:53:20,452  INFO       [bikedekho] Hero Vida V2 page 16
2026-07-15 04:53:23,238  INFO       [bikedekho] Hero Vida V2 page 17
2026-07-15 04:53:26,022  INFO       [bikedekho] Hero Vida V2 page 18
2026-07-15 04:53:28,787  INFO       collected 535 rows
2026-07-15 04:53:28,900  INFO     Within-batch dedup: 4479 → 1828 rows
2026-07-15 04:53:28,913  INFO     Master: 2081 rows | Batch: 1828 | Net-new: 240 | Duplicates skipped: 1588
2026-07-15 04:53:28,945  INFO     Master saved → /home/runner/work/ev-scooter-sentiment-analysis/ev-scooter-sentiment-analysis/data/master_reviews.csv (2321 total rows)
2026-07-15 04:53:28,947  INFO     Batch saved → /home/runner/work/ev-scooter-sentiment-analysis/ev-scooter-sentiment-analysis/data/batches/20260715_batch.csv
2026-07-15 04:53:28,947  INFO     ============================================================
2026-07-15 04:53:28,947  INFO     Done. 240 net-new reviews added to master.
2026-07-15 04:53:28,947  INFO     ============================================================
2026-07-15 04:53:28,947  INFO     COMMIT_MSG: data: pipeline run 2026-07-15 (+240 reviews, 1588 skipped)
